07:21:01.910  [main] INFO  testcase.TC_001AccountRegistrationTest - ************ Starting TC_001AccountRegistrationTest*********
07:21:02.174  [main] INFO  testcase.TC_001AccountRegistrationTest - Clicked on MyACcount...
07:21:02.577  [main] INFO  testcase.TC_001AccountRegistrationTest - Clicked on Register linnk...
07:21:02.581  [main] INFO  testcase.TC_001AccountRegistrationTest - providing Customer Details...
07:21:03.672  [main] INFO  testcase.TC_001AccountRegistrationTest - Validating expected message...
07:21:03.707  [main] INFO  testcase.TC_001AccountRegistrationTest - ************ Finish TC_001AccountRegistrationTest*********
07:23:33.024  [main] INFO  testcase.TC_001AccountRegistrationTest - ************ Starting TC_001AccountRegistrationTest*********
07:23:33.299  [main] INFO  testcase.TC_001AccountRegistrationTest - Clicked on MyACcount...
07:23:33.659  [main] INFO  testcase.TC_001AccountRegistrationTest - Clicked on Register linnk...
07:23:33.661  [main] INFO  testcase.TC_001AccountRegistrationTest - providing Customer Details...
07:23:34.758  [main] INFO  testcase.TC_001AccountRegistrationTest - Validating expected message...
07:23:34.788  [main] ERROR testcase.TC_001AccountRegistrationTest - Test failed
07:23:34.788  [main] DEBUG testcase.TC_001AccountRegistrationTest - Debug logs...
07:23:34.789  [main] INFO  testcase.TC_001AccountRegistrationTest - ************ Finish TC_001AccountRegistrationTest*********
07:41:24.953  [main] INFO  testcase.TC_001AccountRegistrationTest - ************ Starting TC_001AccountRegistrationTest*********
07:41:25.034  [main] INFO  testcase.TC_001AccountRegistrationTest - Clicked on MyACcount...
07:41:25.337  [main] INFO  testcase.TC_001AccountRegistrationTest - Clicked on Register linnk...
07:41:25.339  [main] INFO  testcase.TC_001AccountRegistrationTest - providing Customer Details...
07:41:26.400  [main] INFO  testcase.TC_001AccountRegistrationTest - Validating expected message...
07:41:26.436  [main] INFO  testcase.TC_001AccountRegistrationTest - ************ Finish TC_001AccountRegistrationTest*********
07:42:18.540  [main] INFO  testcase.TC_001AccountRegistrationTest - ************ Starting TC_001AccountRegistrationTest*********
07:42:18.653  [main] INFO  testcase.TC_001AccountRegistrationTest - Clicked on MyACcount...
07:42:19.102  [main] INFO  testcase.TC_001AccountRegistrationTest - Clicked on Register linnk...
07:42:19.104  [main] INFO  testcase.TC_001AccountRegistrationTest - providing Customer Details...
07:42:20.289  [main] INFO  testcase.TC_001AccountRegistrationTest - Validating expected message...
07:42:20.332  [main] INFO  testcase.TC_001AccountRegistrationTest - ************ Finish TC_001AccountRegistrationTest*********
07:47:54.769  [main] INFO  testcase.TC_001AccountRegistrationTest - ************ Starting TC_001AccountRegistrationTest*********
07:47:55.011  [main] INFO  testcase.TC_001AccountRegistrationTest - Clicked on MyACcount...
07:47:55.323  [main] INFO  testcase.TC_001AccountRegistrationTest - Clicked on Register linnk...
07:47:55.323  [main] INFO  testcase.TC_001AccountRegistrationTest - providing Customer Details...
07:47:56.625  [main] INFO  testcase.TC_001AccountRegistrationTest - Validating expected message...
07:47:56.659  [main] INFO  testcase.TC_001AccountRegistrationTest - ************ Finish TC_001AccountRegistrationTest*********
07:48:01.301  [main] INFO  testcase.TC_001AccountRegistrationTest - ************ Starting TC_001AccountRegistrationTest*********
07:48:01.562  [main] INFO  testcase.TC_001AccountRegistrationTest - Clicked on MyACcount...
07:48:01.878  [main] INFO  testcase.TC_001AccountRegistrationTest - Clicked on Register linnk...
07:48:01.879  [main] INFO  testcase.TC_001AccountRegistrationTest - providing Customer Details...
07:48:03.025  [main] INFO  testcase.TC_001AccountRegistrationTest - Validating expected message...
07:48:03.062  [main] INFO  testcase.TC_001AccountRegistrationTest - ************ Finish TC_001AccountRegistrationTest*********
07:48:38.062  [TestNG-tests-1] INFO  testcase.TC_001AccountRegistrationTest - ************ Starting TC_001AccountRegistrationTest*********
07:48:38.388  [TestNG-tests-1] INFO  testcase.TC_001AccountRegistrationTest - Clicked on MyACcount...
07:48:38.820  [TestNG-tests-1] INFO  testcase.TC_001AccountRegistrationTest - Clicked on Register linnk...
07:48:38.825  [TestNG-tests-1] INFO  testcase.TC_001AccountRegistrationTest - providing Customer Details...
07:48:39.510  [TestNG-tests-2] INFO  testcase.TC_001AccountRegistrationTest - ************ Starting TC_001AccountRegistrationTest*********
07:48:39.801  [TestNG-tests-2] INFO  testcase.TC_001AccountRegistrationTest - Clicked on MyACcount...
07:48:39.925  [TestNG-tests-1] INFO  testcase.TC_001AccountRegistrationTest - Validating expected message...
07:48:39.967  [TestNG-tests-1] INFO  testcase.TC_001AccountRegistrationTest - ************ Finish TC_001AccountRegistrationTest*********
07:48:40.143  [TestNG-tests-2] INFO  testcase.TC_001AccountRegistrationTest - Clicked on Register linnk...
07:48:40.143  [TestNG-tests-2] INFO  testcase.TC_001AccountRegistrationTest - providing Customer Details...
07:48:41.185  [TestNG-tests-2] INFO  testcase.TC_001AccountRegistrationTest - Validating expected message...
07:48:41.220  [TestNG-tests-2] INFO  testcase.TC_001AccountRegistrationTest - ************ Finish TC_001AccountRegistrationTest*********
08:06:00.781  [main] INFO  testcase.TC_001AccountRegistrationTest - ************ Starting TC_001AccountRegistrationTest*********
08:06:00.868  [main] INFO  testcase.TC_001AccountRegistrationTest - Clicked on MyACcount...
08:06:01.212  [main] INFO  testcase.TC_001AccountRegistrationTest - Clicked on Register linnk...
08:06:01.214  [main] INFO  testcase.TC_001AccountRegistrationTest - providing Customer Details...
08:06:02.289  [main] INFO  testcase.TC_001AccountRegistrationTest - Validating expected message...
08:06:02.334  [main] INFO  testcase.TC_001AccountRegistrationTest - ************ Finish TC_001AccountRegistrationTest*********
17:32:07.248  [main] INFO  testcase.TC_001AccountRegistrationTest - ************ Starting TC_001AccountRegistrationTest*********
17:32:07.385  [main] INFO  testcase.TC_001AccountRegistrationTest - Clicked on MyACcount...
17:32:07.769  [main] INFO  testcase.TC_001AccountRegistrationTest - Clicked on Register linnk...
17:32:07.771  [main] INFO  testcase.TC_001AccountRegistrationTest - providing Customer Details...
17:32:08.704  [main] INFO  testcase.TC_001AccountRegistrationTest - Validating expected message...
17:32:08.735  [main] INFO  testcase.TC_001AccountRegistrationTest - ************ Finish TC_001AccountRegistrationTest*********
07:37:27.482  [main] INFO  testcase.TC_002LoginTest - ************ Starting TC_002LoginTest*********
07:37:29.298  [main] INFO  testcase.TC_002LoginTest - ********Finished TC_002Logintest****
07:42:43.047  [main] DEBUG org.testng.TestNG - suiteXmlPath: "C:\workspace\java programs-aug12\Opencart124\master.xml"
07:42:43.377  [main] INFO  org.testng.internal.Utils - [TestNG] Running:
  C:\workspace\java programs-aug12\Opencart124\master.xml

07:42:47.601  [main] INFO  testcase.TC_002LoginTest - ************ Starting TC_002LoginTest*********
07:42:48.997  [main] INFO  testcase.TC_002LoginTest - ********Finished TC_002Logintest****
08:06:06.688  [main] DEBUG org.testng.TestNG - suiteXmlPath: "C:\workspace\java programs-aug12\Opencart124\grouping.xml"
08:06:07.000  [main] INFO  org.testng.internal.Utils - [TestNG] Running:
  C:\workspace\java programs-aug12\Opencart124\grouping.xml

08:06:34.575  [main] DEBUG org.testng.TestNG - suiteXmlPath: "C:\workspace\java programs-aug12\Opencart124\grouping.xml"
08:06:34.857  [main] INFO  org.testng.internal.Utils - [TestNG] Running:
  C:\workspace\java programs-aug12\Opencart124\grouping.xml

08:07:09.588  [main] DEBUG org.testng.TestNG - suiteXmlPath: "C:\workspace\java programs-aug12\Opencart124\master.xml"
08:07:09.831  [main] INFO  org.testng.internal.Utils - [TestNG] Running:
  C:\workspace\java programs-aug12\Opencart124\master.xml

08:07:14.420  [main] INFO  testcase.TC_001AccountRegistrationTest - ************ Starting TC_001AccountRegistrationTest*********
08:07:14.713  [main] INFO  testcase.TC_001AccountRegistrationTest - Clicked on MyACcount...
08:07:15.127  [main] INFO  testcase.TC_001AccountRegistrationTest - Clicked on Register linnk...
08:07:15.131  [main] INFO  testcase.TC_001AccountRegistrationTest - providing Customer Details...
08:07:16.633  [main] INFO  testcase.TC_001AccountRegistrationTest - Validating expected message...
08:07:16.682  [main] INFO  testcase.TC_001AccountRegistrationTest - ************ Finish TC_001AccountRegistrationTest*********
08:07:20.515  [main] INFO  testcase.TC_002LoginTest - ************ Starting TC_002LoginTest*********
08:07:21.828  [main] INFO  testcase.TC_002LoginTest - ********Finished TC_002Logintest****
08:08:02.320  [main] DEBUG org.testng.TestNG - suiteXmlPath: "C:\workspace\java programs-aug12\Opencart124\grouping.xml"
08:08:02.623  [main] INFO  org.testng.internal.Utils - [TestNG] Running:
  C:\workspace\java programs-aug12\Opencart124\grouping.xml

08:10:01.900  [main] DEBUG org.testng.TestNG - suiteXmlPath: "C:\workspace\java programs-aug12\Opencart124\grouping.xml"
08:10:02.152  [main] INFO  org.testng.internal.Utils - [TestNG] Running:
  C:\workspace\java programs-aug12\Opencart124\grouping.xml

08:10:09.970  [main] DEBUG org.testng.TestNG - suiteXmlPath: "C:\workspace\java programs-aug12\Opencart124\grouping.xml"
08:10:10.215  [main] INFO  org.testng.internal.Utils - [TestNG] Running:
  C:\workspace\java programs-aug12\Opencart124\grouping.xml

08:13:11.955  [main] DEBUG org.testng.TestNG - suiteXmlPath: "C:\workspace\java programs-aug12\Opencart124\grouping.xml"
08:13:12.320  [main] INFO  org.testng.internal.Utils - [TestNG] Running:
  C:\workspace\java programs-aug12\Opencart124\grouping.xml

08:13:16.119  [main] INFO  testcase.TC_002LoginTest - ************ Starting TC_002LoginTest*********
08:13:17.735  [main] INFO  testcase.TC_002LoginTest - ********Finished TC_002Logintest****
08:14:50.031  [main] DEBUG org.testng.TestNG - suiteXmlPath: "C:\workspace\java programs-aug12\Opencart124\grouping.xml"
08:14:50.271  [main] INFO  org.testng.internal.Utils - [TestNG] Running:
  C:\workspace\java programs-aug12\Opencart124\grouping.xml

08:15:36.744  [main] DEBUG org.testng.TestNG - suiteXmlPath: "C:\workspace\java programs-aug12\Opencart124\grouping.xml"
08:15:37.003  [main] INFO  org.testng.internal.Utils - [TestNG] Running:
  C:\workspace\java programs-aug12\Opencart124\grouping.xml

08:16:05.478  [main] DEBUG org.testng.TestNG - suiteXmlPath: "C:\workspace\java programs-aug12\Opencart124\grouping.xml"
08:16:05.805  [main] INFO  org.testng.internal.Utils - [TestNG] Running:
  C:\workspace\java programs-aug12\Opencart124\grouping.xml

08:17:39.398  [main] DEBUG org.testng.TestNG - suiteXmlPath: "C:\workspace\java programs-aug12\Opencart124\grouping.xml"
08:17:39.676  [main] INFO  org.testng.internal.Utils - [TestNG] Running:
  C:\workspace\java programs-aug12\Opencart124\grouping.xml

08:17:44.160  [main] INFO  testcase.TC_001AccountRegistrationTest - ************ Starting TC_001AccountRegistrationTest*********
08:17:44.249  [main] INFO  testcase.TC_001AccountRegistrationTest - Clicked on MyACcount...
08:17:44.688  [main] INFO  testcase.TC_001AccountRegistrationTest - Clicked on Register linnk...
08:17:44.692  [main] INFO  testcase.TC_001AccountRegistrationTest - providing Customer Details...
08:17:45.872  [main] INFO  testcase.TC_001AccountRegistrationTest - Validating expected message...
08:17:45.940  [main] INFO  testcase.TC_001AccountRegistrationTest - ************ Finish TC_001AccountRegistrationTest*********
08:18:12.239  [main] DEBUG org.testng.TestNG - suiteXmlPath: "C:\workspace\java programs-aug12\Opencart124\grouping.xml"
08:18:12.549  [main] INFO  org.testng.internal.Utils - [TestNG] Running:
  C:\workspace\java programs-aug12\Opencart124\grouping.xml

08:18:16.619  [main] INFO  testcase.TC_001AccountRegistrationTest - ************ Starting TC_001AccountRegistrationTest*********
08:18:16.735  [main] INFO  testcase.TC_001AccountRegistrationTest - Clicked on MyACcount...
08:18:17.131  [main] INFO  testcase.TC_001AccountRegistrationTest - Clicked on Register linnk...
08:18:17.224  [main] INFO  testcase.TC_001AccountRegistrationTest - providing Customer Details...
08:18:18.986  [main] INFO  testcase.TC_001AccountRegistrationTest - Validating expected message...
08:18:19.026  [main] INFO  testcase.TC_001AccountRegistrationTest - ************ Finish TC_001AccountRegistrationTest*********
08:18:21.934  [main] INFO  testcase.TC_002LoginTest - ************ Starting TC_002LoginTest*********
08:18:23.497  [main] INFO  testcase.TC_002LoginTest - ********Finished TC_002Logintest****
08:19:15.799  [main] DEBUG org.testng.TestNG - suiteXmlPath: "C:\workspace\java programs-aug12\Opencart124\grouping.xml"
08:19:16.094  [main] INFO  org.testng.internal.Utils - [TestNG] Running:
  C:\workspace\java programs-aug12\Opencart124\grouping.xml

09:49:14.780  [main] DEBUG org.testng.TestNG - suiteXmlPath: "C:\workspace\java programs-aug12\Opencart124\master.xml"
09:49:14.977  [main] INFO  org.testng.internal.Utils - [TestNG] Running:
  C:\workspace\java programs-aug12\Opencart124\master.xml

09:49:20.180  [main] INFO  testcase.TC_001AccountRegistrationTest - ************ Starting TC_001AccountRegistrationTest*********
09:49:20.255  [main] INFO  testcase.TC_001AccountRegistrationTest - Clicked on MyACcount...
09:49:20.817  [main] INFO  testcase.TC_001AccountRegistrationTest - Clicked on Register linnk...
09:49:20.819  [main] INFO  testcase.TC_001AccountRegistrationTest - providing Customer Details...
09:49:21.827  [main] INFO  testcase.TC_001AccountRegistrationTest - Validating expected message...
09:49:21.853  [main] INFO  testcase.TC_001AccountRegistrationTest - ************ Finish TC_001AccountRegistrationTest*********
09:49:25.064  [main] INFO  testcase.TC_002LoginTest - ************ Starting TC_002LoginTest*********
09:49:26.127  [main] INFO  testcase.TC_002LoginTest - ********Finished TC_002Logintest****
09:56:02.026  [main] DEBUG org.testng.TestNG - suiteXmlPath: "C:\workspace\java programs-aug12\Opencart124\master.xml"
09:56:02.221  [main] INFO  org.testng.internal.Utils - [TestNG] Running:
  C:\workspace\java programs-aug12\Opencart124\master.xml

09:56:05.710  [main] INFO  testcase.TC_001AccountRegistrationTest - ************ Starting TC_001AccountRegistrationTest*********
09:56:05.781  [main] INFO  testcase.TC_001AccountRegistrationTest - Clicked on MyACcount...
09:56:06.120  [main] INFO  testcase.TC_001AccountRegistrationTest - Clicked on Register linnk...
09:56:06.122  [main] INFO  testcase.TC_001AccountRegistrationTest - providing Customer Details...
09:56:07.233  [main] INFO  testcase.TC_001AccountRegistrationTest - Validating expected message...
09:56:07.265  [main] INFO  testcase.TC_001AccountRegistrationTest - ************ Finish TC_001AccountRegistrationTest*********
09:56:10.243  [main] INFO  testcase.TC_002LoginTest - ************ Starting TC_002LoginTest*********
09:56:11.234  [main] INFO  testcase.TC_002LoginTest - ********Finished TC_002Logintest****
12:39:28.462  [main] DEBUG org.testng.TestNG - suiteXmlPath: "C:\workspace\java programs-aug12\Opencart124\master.xml"
12:39:28.756  [main] INFO  org.testng.internal.Utils - [TestNG] Running:
  C:\workspace\java programs-aug12\Opencart124\master.xml

12:39:36.881  [main] INFO  testcase.TC_001AccountRegistrationTest - ************ Starting TC_001AccountRegistrationTest*********
12:39:37.015  [main] INFO  testcase.TC_001AccountRegistrationTest - Clicked on MyACcount...
12:39:37.632  [main] INFO  testcase.TC_001AccountRegistrationTest - Clicked on Register linnk...
12:39:37.637  [main] INFO  testcase.TC_001AccountRegistrationTest - providing Customer Details...
12:39:39.034  [main] INFO  testcase.TC_001AccountRegistrationTest - Validating expected message...
12:39:39.086  [main] INFO  testcase.TC_001AccountRegistrationTest - ************ Finish TC_001AccountRegistrationTest*********
12:39:43.703  [main] INFO  testcase.TC_002LoginTest - ************ Starting TC_002LoginTest*********
12:41:31.369  [main] DEBUG org.testng.TestNG - suiteXmlPath: "C:\workspace\java programs-aug12\Opencart124\test-output\testng-failed.xml"
12:41:31.617  [main] INFO  org.testng.internal.Utils - [TestNG] Running:
  C:\workspace\java programs-aug12\Opencart124\test-output\testng-failed.xml

12:41:35.956  [main] INFO  testcase.TC_002LoginTest - ************ Starting TC_002LoginTest*********
12:41:37.266  [main] INFO  testcase.TC_002LoginTest - ********Finished TC_002Logintest****
20:02:13.705  [main] DEBUG org.testng.TestNG - suiteXmlPath: "C:\workspace\java programs-aug12\Opencart124\master.xml"
20:02:14.021  [main] INFO  org.testng.internal.Utils - [TestNG] Running:
  C:\workspace\java programs-aug12\Opencart124\master.xml

20:02:19.309  [main] INFO  testcase.TC_001AccountRegistrationTest - ************ Starting TC_001AccountRegistrationTest*********
20:02:19.640  [main] INFO  testcase.TC_001AccountRegistrationTest - Clicked on MyACcount...
20:02:20.077  [main] INFO  testcase.TC_001AccountRegistrationTest - Clicked on Register linnk...
20:02:20.082  [main] INFO  testcase.TC_001AccountRegistrationTest - providing Customer Details...
20:02:21.361  [main] INFO  testcase.TC_001AccountRegistrationTest - Validating expected message...
20:02:21.404  [main] INFO  testcase.TC_001AccountRegistrationTest - ************ Finish TC_001AccountRegistrationTest*********
20:02:25.313  [main] INFO  testcase.TC_002LoginTest - ************ Starting TC_002LoginTest*********
20:02:26.840  [main] INFO  testcase.TC_002LoginTest - ********Finished TC_002Logintest****
20:03:09.676  [main] DEBUG org.testng.TestNG - suiteXmlPath: "C:\workspace\java programs-aug12\Opencart124\master.xml"
20:03:10.075  [main] INFO  org.testng.internal.Utils - [TestNG] Running:
  C:\workspace\java programs-aug12\Opencart124\master.xml

20:03:14.635  [main] INFO  testcase.TC_001AccountRegistrationTest - ************ Starting TC_001AccountRegistrationTest*********
20:03:15.005  [main] INFO  testcase.TC_001AccountRegistrationTest - Clicked on MyACcount...
20:03:15.437  [main] INFO  testcase.TC_001AccountRegistrationTest - Clicked on Register linnk...
20:03:15.442  [main] INFO  testcase.TC_001AccountRegistrationTest - providing Customer Details...
20:03:16.866  [main] INFO  testcase.TC_001AccountRegistrationTest - Validating expected message...
20:03:16.914  [main] INFO  testcase.TC_001AccountRegistrationTest - ************ Finish TC_001AccountRegistrationTest*********
20:03:20.994  [main] INFO  testcase.TC_002LoginTest - ************ Starting TC_002LoginTest*********
20:03:22.445  [main] INFO  testcase.TC_002LoginTest - ********Finished TC_002Logintest****
20:06:07.535  [main] DEBUG org.testng.TestNG - suiteXmlPath: "C:\workspace\java programs-aug12\Opencart124\master.xml"
20:06:07.818  [main] INFO  org.testng.internal.Utils - [TestNG] Running:
  C:\workspace\java programs-aug12\Opencart124\master.xml

20:06:12.741  [main] INFO  testcase.TC_001AccountRegistrationTest - ************ Starting TC_001AccountRegistrationTest*********
20:06:12.981  [main] INFO  testcase.TC_001AccountRegistrationTest - Clicked on MyACcount...
20:06:13.586  [main] INFO  testcase.TC_001AccountRegistrationTest - Clicked on Register linnk...
20:06:13.586  [main] INFO  testcase.TC_001AccountRegistrationTest - providing Customer Details...
20:06:15.252  [main] INFO  testcase.TC_001AccountRegistrationTest - Validating expected message...
20:06:15.292  [main] INFO  testcase.TC_001AccountRegistrationTest - ************ Finish TC_001AccountRegistrationTest*********
20:06:21.058  [main] INFO  testcase.TC_002LoginTest - ************ Starting TC_002LoginTest*********
20:06:22.877  [main] INFO  testcase.TC_002LoginTest - ********Finished TC_002Logintest****
08:30:24.090  [main] DEBUG org.testng.TestNG - suiteXmlPath: "C:\workspace\java programs-aug12\Opencart124\grid-docker.xml"
08:30:24.325  [main] INFO  org.testng.internal.Utils - [TestNG] Running:
  C:\workspace\java programs-aug12\Opencart124\grid-docker.xml

08:30:36.489  [main] DEBUG org.testng.TestNG - suiteXmlPath: "C:\workspace\java programs-aug12\Opencart124\grid-docker.xml"
08:30:36.696  [main] INFO  org.testng.internal.Utils - [TestNG] Running:
  C:\workspace\java programs-aug12\Opencart124\grid-docker.xml

08:32:38.934  [main] DEBUG org.testng.TestNG - suiteXmlPath: "C:\workspace\java programs-aug12\Opencart124\grid-docker.xml"
08:32:39.131  [main] INFO  org.testng.internal.Utils - [TestNG] Running:
  C:\workspace\java programs-aug12\Opencart124\grid-docker.xml

08:33:08.947  [main] DEBUG org.testng.TestNG - suiteXmlPath: "C:\workspace\java programs-aug12\Opencart124\grid-docker.xml"
08:33:09.148  [main] INFO  org.testng.internal.Utils - [TestNG] Running:
  C:\workspace\java programs-aug12\Opencart124\grid-docker.xml

08:33:56.848  [main] DEBUG org.testng.TestNG - suiteXmlPath: "C:\workspace\java programs-aug12\Opencart124\grid-docker.xml"
08:33:57.049  [main] INFO  org.testng.internal.Utils - [TestNG] Running:
  C:\workspace\java programs-aug12\Opencart124\grid-docker.xml

08:34:09.462  [main] DEBUG org.testng.TestNG - suiteXmlPath: "C:\workspace\java programs-aug12\Opencart124\master.xml"
08:34:09.661  [main] INFO  org.testng.internal.Utils - [TestNG] Running:
  C:\workspace\java programs-aug12\Opencart124\master.xml

08:36:22.905  [main] DEBUG org.testng.TestNG - suiteXmlPath: "C:\workspace\java programs-aug12\Opencart124\grid-docker.xml"
08:36:23.110  [main] INFO  org.testng.internal.Utils - [TestNG] Running:
  C:\workspace\java programs-aug12\Opencart124\grid-docker.xml

08:36:31.042  [main] INFO  testcase.TC_001AccountRegistrationTest - ************ Starting TC_001AccountRegistrationTest*********
08:36:31.118  [main] INFO  testcase.TC_001AccountRegistrationTest - Clicked on MyACcount...
08:36:31.431  [main] INFO  testcase.TC_001AccountRegistrationTest - Clicked on Register linnk...
08:36:31.433  [main] INFO  testcase.TC_001AccountRegistrationTest - providing Customer Details...
08:36:32.607  [main] INFO  testcase.TC_001AccountRegistrationTest - Validating expected message...
08:36:32.649  [main] INFO  testcase.TC_001AccountRegistrationTest - ************ Finish TC_001AccountRegistrationTest*********
08:36:35.718  [main] INFO  testcase.TC_002LoginTest - ************ Starting TC_002LoginTest*********
08:36:37.011  [main] INFO  testcase.TC_002LoginTest - ********Finished TC_002Logintest****
08:37:00.642  [main] INFO  testcase.TC_002LoginTest - ************ Starting TC_002LoginTest*********
08:37:02.106  [main] INFO  testcase.TC_002LoginTest - ********Finished TC_002Logintest****
08:37:14.725  [main] INFO  testcase.TC_002LoginTest - ************ Starting TC_002LoginTest*********
08:37:16.021  [main] INFO  testcase.TC_002LoginTest - ********Finished TC_002Logintest****
08:43:30.832  [main] DEBUG org.testng.TestNG - suiteXmlPath: "C:\workspace\java programs-aug12\Opencart124\grid-docker.xml"
08:43:31.022  [main] INFO  org.testng.internal.Utils - [TestNG] Running:
  C:\workspace\java programs-aug12\Opencart124\grid-docker.xml

08:44:17.304  [main] DEBUG org.testng.TestNG - suiteXmlPath: "C:\workspace\java programs-aug12\Opencart124\grid-docker.xml"
08:44:17.501  [main] INFO  org.testng.internal.Utils - [TestNG] Running:
  C:\workspace\java programs-aug12\Opencart124\grid-docker.xml

08:44:36.392  [main] DEBUG org.testng.TestNG - suiteXmlPath: "C:\workspace\java programs-aug12\Opencart124\grid-docker.xml"
08:44:36.533  [main] DEBUG org.testng.TestNG - suiteXmlPath: "C:\workspace\java programs-aug12\Opencart124\grid-docker.xml"
08:44:36.615  [main] INFO  org.testng.internal.Utils - [TestNG] Running:
  C:\workspace\java programs-aug12\Opencart124\grid-docker.xml

08:44:36.769  [main] INFO  org.testng.internal.Utils - [TestNG] Running:
  C:\workspace\java programs-aug12\Opencart124\grid-docker.xml

08:45:05.332  [main] DEBUG org.testng.TestNG - suiteXmlPath: "C:\workspace\java programs-aug12\Opencart124\grid-docker.xml"
08:45:05.530  [main] INFO  org.testng.internal.Utils - [TestNG] Running:
  C:\workspace\java programs-aug12\Opencart124\grid-docker.xml

08:45:09.380  [main] INFO  testcase.TC_001AccountRegistrationTest - ************ Starting TC_001AccountRegistrationTest*********
08:45:09.601  [main] INFO  testcase.TC_001AccountRegistrationTest - Clicked on MyACcount...
08:45:09.910  [main] INFO  testcase.TC_001AccountRegistrationTest - Clicked on Register linnk...
08:45:09.912  [main] INFO  testcase.TC_001AccountRegistrationTest - providing Customer Details...
08:45:11.605  [main] INFO  testcase.TC_001AccountRegistrationTest - Validating expected message...
08:45:11.637  [main] INFO  testcase.TC_001AccountRegistrationTest - ************ Finish TC_001AccountRegistrationTest*********
08:45:16.078  [main] INFO  testcase.TC_002LoginTest - ************ Starting TC_002LoginTest*********
08:45:17.421  [main] INFO  testcase.TC_002LoginTest - ********Finished TC_002Logintest****
08:46:27.223  [main] DEBUG org.testng.TestNG - suiteXmlPath: "C:\workspace\java programs-aug12\Opencart124\grid-docker.xml"
08:46:27.426  [main] INFO  org.testng.internal.Utils - [TestNG] Running:
  C:\workspace\java programs-aug12\Opencart124\grid-docker.xml

08:46:32.777  [main] INFO  testcase.TC_001AccountRegistrationTest - ************ Starting TC_001AccountRegistrationTest*********
08:46:32.870  [main] INFO  testcase.TC_001AccountRegistrationTest - Clicked on MyACcount...
08:46:33.489  [main] INFO  testcase.TC_001AccountRegistrationTest - Clicked on Register linnk...
08:46:33.491  [main] INFO  testcase.TC_001AccountRegistrationTest - providing Customer Details...
08:46:35.055  [main] INFO  testcase.TC_001AccountRegistrationTest - Validating expected message...
08:46:35.089  [main] INFO  testcase.TC_001AccountRegistrationTest - ************ Finish TC_001AccountRegistrationTest*********
08:46:39.848  [main] INFO  testcase.TC_002LoginTest - ************ Starting TC_002LoginTest*********
08:46:41.144  [main] INFO  testcase.TC_002LoginTest - ********Finished TC_002Logintest****
08:47:14.717  [main] DEBUG org.testng.TestNG - suiteXmlPath: "C:\workspace\java programs-aug12\Opencart124\grid-docker.xml"
08:47:14.909  [main] INFO  org.testng.internal.Utils - [TestNG] Running:
  C:\workspace\java programs-aug12\Opencart124\grid-docker.xml

08:47:18.388  [main] INFO  testcase.TC_001AccountRegistrationTest - ************ Starting TC_001AccountRegistrationTest*********
08:47:18.700  [main] INFO  testcase.TC_001AccountRegistrationTest - Clicked on MyACcount...
08:47:19.010  [main] INFO  testcase.TC_001AccountRegistrationTest - Clicked on Register linnk...
08:47:19.011  [main] INFO  testcase.TC_001AccountRegistrationTest - providing Customer Details...
08:47:20.088  [main] INFO  testcase.TC_001AccountRegistrationTest - Validating expected message...
08:47:20.113  [main] INFO  testcase.TC_001AccountRegistrationTest - ************ Finish TC_001AccountRegistrationTest*********
08:47:23.124  [main] INFO  testcase.TC_002LoginTest - ************ Starting TC_002LoginTest*********
08:47:24.268  [main] INFO  testcase.TC_002LoginTest - ********Finished TC_002Logintest****
08:48:20.472  [main] DEBUG org.testng.TestNG - suiteXmlPath: "C:\workspace\java programs-aug12\Opencart124\grid-docker.xml"
08:49:07.674  [main] DEBUG org.testng.TestNG - suiteXmlPath: "C:\workspace\java programs-aug12\Opencart124\grid-docker.xml"
08:49:07.883  [main] INFO  org.testng.internal.Utils - [TestNG] Running:
  C:\workspace\java programs-aug12\Opencart124\grid-docker.xml

08:49:11.421  [main] INFO  testcase.TC_001AccountRegistrationTest - ************ Starting TC_001AccountRegistrationTest*********
08:49:11.501  [main] INFO  testcase.TC_001AccountRegistrationTest - Clicked on MyACcount...
08:49:11.942  [main] INFO  testcase.TC_001AccountRegistrationTest - Clicked on Register linnk...
08:49:11.944  [main] INFO  testcase.TC_001AccountRegistrationTest - providing Customer Details...
08:49:13.037  [main] INFO  testcase.TC_001AccountRegistrationTest - Validating expected message...
08:49:13.066  [main] INFO  testcase.TC_001AccountRegistrationTest - ************ Finish TC_001AccountRegistrationTest*********
08:49:16.006  [main] INFO  testcase.TC_002LoginTest - ************ Starting TC_002LoginTest*********
08:49:17.149  [main] INFO  testcase.TC_002LoginTest - ********Finished TC_002Logintest****
08:49:23.683  [main] INFO  testcase.TC_001AccountRegistrationTest - ************ Starting TC_001AccountRegistrationTest*********
08:49:23.776  [main] INFO  testcase.TC_001AccountRegistrationTest - Clicked on MyACcount...
08:49:24.209  [main] INFO  testcase.TC_001AccountRegistrationTest - Clicked on Register linnk...
08:49:24.209  [main] INFO  testcase.TC_001AccountRegistrationTest - providing Customer Details...
08:49:25.626  [main] INFO  testcase.TC_001AccountRegistrationTest - Validating expected message...
08:49:25.662  [main] INFO  testcase.TC_001AccountRegistrationTest - ************ Finish TC_001AccountRegistrationTest*********
08:49:30.351  [main] INFO  testcase.TC_002LoginTest - ************ Starting TC_002LoginTest*********
08:49:31.440  [main] INFO  testcase.TC_002LoginTest - ********Finished TC_002Logintest****
19:35:57.575  [main] DEBUG org.testng.TestNG - suiteXmlPath: "C:\workspace\java programs-aug12\Opencart124\master.xml"
19:36:04.358  [main] INFO  testcase.TC_001AccountRegistrationTest - ************ Starting TC_001AccountRegistrationTest*********
19:36:04.547  [main] INFO  testcase.TC_001AccountRegistrationTest - Clicked on MyACcount...
19:36:05.016  [main] INFO  testcase.TC_001AccountRegistrationTest - Clicked on Register linnk...
19:36:05.019  [main] INFO  testcase.TC_001AccountRegistrationTest - providing Customer Details...
19:36:06.487  [main] INFO  testcase.TC_001AccountRegistrationTest - Validating expected message...
19:36:06.529  [main] INFO  testcase.TC_001AccountRegistrationTest - ************ Finish TC_001AccountRegistrationTest*********
19:36:10.196  [main] INFO  testcase.TC_002LoginTest - ************ Starting TC_002LoginTest*********
19:36:11.866  [main] INFO  testcase.TC_002LoginTest - ********Finished TC_002Logintest****
